build/app/intermediates/manifest_merge_blame_file/debug/manifest-merger-blame-debug-report.txt
1<?xml version="1.0" encoding="utf-8"?>
2<manifest xmlns:android="http://schemas.android.com/apk/res/android"
3    package="com.example.rental_apartments_finder"
4    android:versionCode="1"
5    android:versionName="1.0.0" >
6
7    <uses-sdk
8        android:minSdkVersion="26"
9        android:targetSdkVersion="30" />
10    <!--
11         Flutter needs it to communicate with the running application
12         to allow setting breakpoints, to provide hot reload, etc.
13    -->
14    <uses-permission android:name="android.permission.INTERNET" />
14-->src/main/AndroidManifest.xml:11:5-66
14-->src/main/AndroidManifest.xml:11:22-64
15    <uses-permission android:name="android.permission.READ_EXTERNAL_STORAGE" />
15-->src/main/AndroidManifest.xml:4:5-79
15-->src/main/AndroidManifest.xml:4:22-77
16    <uses-permission android:name="android.permission.WRITE_EXTERNAL_STORAGE" />
16-->src/main/AndroidManifest.xml:5:5-80
16-->src/main/AndroidManifest.xml:5:22-78
17    <uses-permission android:name="android.permission.CAMERA" />
17-->src/main/AndroidManifest.xml:6:5-64
17-->src/main/AndroidManifest.xml:6:22-62
18    <uses-permission android:name="android.permission.ACCESS_FINE_LOCATION" />
18-->src/main/AndroidManifest.xml:7:5-79
18-->src/main/AndroidManifest.xml:7:22-76
19    <uses-permission android:name="android.permission.ACCESS_COARSE_LOCATION" />
19-->src/main/AndroidManifest.xml:8:5-81
19-->src/main/AndroidManifest.xml:8:22-78
20    <uses-permission android:name="android.permission.ACCESS_BACKGROUND_LOCATION" />
20-->src/main/AndroidManifest.xml:9:5-85
20-->src/main/AndroidManifest.xml:9:22-82
21    <uses-permission android:name="android.permission.FOREGROUND_SERVICE" />
21-->src/main/AndroidManifest.xml:10:5-77
21-->src/main/AndroidManifest.xml:10:22-74
22    <uses-permission android:name="android.permission.VIBRATE" />
22-->src/main/AndroidManifest.xml:12:5-65
22-->src/main/AndroidManifest.xml:12:22-63
23    <uses-permission android:name="android.permission.WAKE_LOCK" />
23-->[:firebase_messaging] AndroidManifest.xml:8:5-68
23-->[:firebase_messaging] AndroidManifest.xml:8:22-65
24    <uses-permission android:name="android.permission.ACCESS_NETWORK_STATE" />
24-->[:firebase_messaging] AndroidManifest.xml:9:5-79
24-->[:firebase_messaging] AndroidManifest.xml:9:22-76
25    <uses-permission android:name="android.permission.RECEIVE_BOOT_COMPLETED" />
25-->[:flutter_local_notifications] AndroidManifest.xml:7:5-81
25-->[:flutter_local_notifications] AndroidManifest.xml:7:22-78
26    <uses-permission android:name="android.permission.USE_FULL_SCREEN_INTENT" /> <!-- Required by older versions of Google Play services to create IID tokens -->
26-->[:flutter_local_notifications] AndroidManifest.xml:9:5-81
26-->[:flutter_local_notifications] AndroidManifest.xml:9:22-78
27    <uses-permission android:name="com.google.android.c2dm.permission.RECEIVE" /> <!-- See https://developer.android.com/training/package-visibility/declaring for more details. -->
27-->[com.google.firebase:firebase-messaging:22.0.0] AndroidManifest.xml:25:5-82
27-->[com.google.firebase:firebase-messaging:22.0.0] AndroidManifest.xml:25:22-79
28    <queries>
28-->[com.stripe:payments-core:16.10.0] AndroidManifest.xml:10:5-14:15
29
30        <!-- Added to check if Chrome is installed for browser-based payment authentication (e.g. 3DS1). -->
31        <package android:name="com.android.chrome" />
31-->[com.stripe:payments-core:16.10.0] AndroidManifest.xml:13:9-54
31-->[com.stripe:payments-core:16.10.0] AndroidManifest.xml:13:18-51
32
33        <intent>
33-->[androidx.media2:media2-session:1.1.3] AndroidManifest.xml:25:9-27:18
34            <action android:name="android.media.browse.MediaBrowserService" />
34-->[androidx.media2:media2-session:1.1.3] AndroidManifest.xml:26:13-79
34-->[androidx.media2:media2-session:1.1.3] AndroidManifest.xml:26:21-76
35        </intent>
36        <intent>
36-->[androidx.media2:media2-session:1.1.3] AndroidManifest.xml:28:9-30:18
37            <action android:name="androidx.media2.session.MediaSessionService" />
37-->[androidx.media2:media2-session:1.1.3] AndroidManifest.xml:29:13-82
37-->[androidx.media2:media2-session:1.1.3] AndroidManifest.xml:29:21-79
38        </intent>
39        <intent>
39-->[androidx.media2:media2-session:1.1.3] AndroidManifest.xml:31:9-33:18
40            <action android:name="androidx.media2.session.MediaLibraryService" />
40-->[androidx.media2:media2-session:1.1.3] AndroidManifest.xml:32:13-82
40-->[androidx.media2:media2-session:1.1.3] AndroidManifest.xml:32:21-79
41        </intent>
42    </queries>
43
44    <uses-permission android:name="com.google.android.finsky.permission.BIND_GET_INSTALL_REFERRER_SERVICE" />
44-->[com.google.android.gms:play-services-measurement:19.0.1] AndroidManifest.xml:26:5-110
44-->[com.google.android.gms:play-services-measurement:19.0.1] AndroidManifest.xml:26:22-107
45
46    <uses-feature
46-->[com.google.android.gms:play-services-maps:17.0.0] AndroidManifest.xml:26:5-28:35
47        android:glEsVersion="0x00020000"
47-->[com.google.android.gms:play-services-maps:17.0.0] AndroidManifest.xml:27:9-41
48        android:required="true" />
48-->[com.google.android.gms:play-services-maps:17.0.0] AndroidManifest.xml:28:9-32
49
50    <application
50-->src/main/AndroidManifest.xml:14:4-47:19
51        android:appComponentFactory="androidx.core.app.CoreComponentFactory"
51-->[androidx.core:core:1.5.0] AndroidManifest.xml:24:18-86
52        android:debuggable="true"
53        android:extractNativeLibs="false"
54        android:icon="@mipmap/ic_launcher"
54-->src/main/AndroidManifest.xml:16:9-43
55        android:label="rental_apartments_finder"
55-->src/main/AndroidManifest.xml:15:9-49
56        android:theme="@style/Theme.AppCompat.Light.NoActionBar"
56-->[:stripe_payment] AndroidManifest.xml:9:18-74
57        android:usesCleartextTraffic="true" >
57-->src/main/AndroidManifest.xml:17:9-44
58        <meta-data
58-->src/main/AndroidManifest.xml:19:8-20:69
59            android:name="com.google.android.geo.API_KEY"
59-->src/main/AndroidManifest.xml:19:19-64
60            android:value="AIzaSyB7G5FtGhn9ybJcO_DSQnsBNBMvJp_r9nY" />
60-->src/main/AndroidManifest.xml:20:12-67
61
62        <activity
62-->src/main/AndroidManifest.xml:22:9-41:20
63            android:name="com.example.rental_apartments_finder.MainActivity"
63-->src/main/AndroidManifest.xml:23:13-41
64            android:configChanges="orientation|keyboardHidden|keyboard|screenSize|smallestScreenSize|locale|layoutDirection|fontScale|screenLayout|density|uiMode"
64-->src/main/AndroidManifest.xml:26:13-163
65            android:hardwareAccelerated="true"
65-->src/main/AndroidManifest.xml:27:13-47
66            android:launchMode="singleTop"
66-->src/main/AndroidManifest.xml:24:13-43
67            android:theme="@style/LaunchTheme"
67-->src/main/AndroidManifest.xml:25:13-47
68            android:windowSoftInputMode="adjustResize" >
68-->src/main/AndroidManifest.xml:28:13-55
69
70            <!--
71                 Specifies an Android theme to apply to this Activity as soon as
72                 the Android process has started. This theme is visible to the user
73                 while the Flutter UI initializes. After that, this theme continues
74                 to determine the Window background behind the Flutter UI.
75            -->
76            <meta-data
76-->src/main/AndroidManifest.xml:33:13-36:17
77                android:name="io.flutter.embedding.android.NormalTheme"
77-->src/main/AndroidManifest.xml:34:15-70
78                android:resource="@style/NormalTheme" />
78-->src/main/AndroidManifest.xml:35:15-52
79
80            <intent-filter>
80-->src/main/AndroidManifest.xml:37:13-40:29
81                <action android:name="android.intent.action.MAIN" />
81-->src/main/AndroidManifest.xml:38:17-68
81-->src/main/AndroidManifest.xml:38:25-66
82
83                <category android:name="android.intent.category.LAUNCHER" />
83-->src/main/AndroidManifest.xml:39:17-76
83-->src/main/AndroidManifest.xml:39:27-74
84            </intent-filter>
85        </activity>
86        <!--
87             Don't delete the meta-data below.
88             This is used by the Flutter tool to generate GeneratedPluginRegistrant.java
89        -->
90        <meta-data
90-->src/main/AndroidManifest.xml:44:9-46:33
91            android:name="flutterEmbedding"
91-->src/main/AndroidManifest.xml:45:13-44
92            android:value="2" />
92-->src/main/AndroidManifest.xml:46:13-30
93
94        <service
94-->[:firebase_database] AndroidManifest.xml:8:9-12:19
95            android:name="com.google.firebase.components.ComponentDiscoveryService"
95-->[:firebase_database] AndroidManifest.xml:8:18-89
96            android:directBootAware="true"
96-->[com.google.firebase:firebase-common:20.0.0] AndroidManifest.xml:35:13-43
97            android:exported="false" >
97-->[com.google.firebase:firebase-messaging:22.0.0] AndroidManifest.xml:51:13-37
98            <meta-data
98-->[:firebase_database] AndroidManifest.xml:9:13-11:85
99                android:name="com.google.firebase.components:io.flutter.plugins.firebase.database.FlutterFirebaseAppRegistrar"
99-->[:firebase_database] AndroidManifest.xml:10:17-127
100                android:value="com.google.firebase.components.ComponentRegistrar" />
100-->[:firebase_database] AndroidManifest.xml:11:17-82
101            <meta-data
101-->[:firebase_messaging] AndroidManifest.xml:34:13-36:85
102                android:name="com.google.firebase.components:io.flutter.plugins.firebase.messaging.FlutterFirebaseAppRegistrar"
102-->[:firebase_messaging] AndroidManifest.xml:35:17-128
103                android:value="com.google.firebase.components.ComponentRegistrar" />
103-->[:firebase_messaging] AndroidManifest.xml:36:17-82
104            <meta-data
104-->[:cloud_firestore] AndroidManifest.xml:9:13-11:85
105                android:name="com.google.firebase.components:io.flutter.plugins.firebase.firestore.FlutterFirebaseFirestoreRegistrar"
105-->[:cloud_firestore] AndroidManifest.xml:10:17-134
106                android:value="com.google.firebase.components.ComponentRegistrar" />
106-->[:cloud_firestore] AndroidManifest.xml:11:17-82
107            <meta-data
107-->[:firebase_analytics] AndroidManifest.xml:13:13-15:85
108                android:name="com.google.firebase.components:io.flutter.plugins.firebaseanalytics.FlutterFirebaseAppRegistrar"
108-->[:firebase_analytics] AndroidManifest.xml:14:17-127
109                android:value="com.google.firebase.components.ComponentRegistrar" />
109-->[:firebase_analytics] AndroidManifest.xml:15:17-82
110            <meta-data
110-->[:firebase_auth] AndroidManifest.xml:9:13-11:85
111                android:name="com.google.firebase.components:io.flutter.plugins.firebase.auth.FlutterFirebaseAuthRegistrar"
111-->[:firebase_auth] AndroidManifest.xml:10:17-124
112                android:value="com.google.firebase.components.ComponentRegistrar" />
112-->[:firebase_auth] AndroidManifest.xml:11:17-82
113            <meta-data
113-->[:firebase_storage] AndroidManifest.xml:9:13-11:85
114                android:name="com.google.firebase.components:io.flutter.plugins.firebase.storage.FlutterFirebaseAppRegistrar"
114-->[:firebase_storage] AndroidManifest.xml:10:17-126
115                android:value="com.google.firebase.components.ComponentRegistrar" />
115-->[:firebase_storage] AndroidManifest.xml:11:17-82
116            <meta-data
116-->[:firebase_core] AndroidManifest.xml:9:13-11:85
117                android:name="com.google.firebase.components:io.flutter.plugins.firebase.core.FlutterFirebaseCoreRegistrar"
117-->[:firebase_core] AndroidManifest.xml:10:17-124
118                android:value="com.google.firebase.components.ComponentRegistrar" />
118-->[:firebase_core] AndroidManifest.xml:11:17-82
119            <meta-data
119-->[com.google.firebase:firebase-messaging:22.0.0] AndroidManifest.xml:52:13-54:85
120                android:name="com.google.firebase.components:com.google.firebase.messaging.FirebaseMessagingRegistrar"
120-->[com.google.firebase:firebase-messaging:22.0.0] AndroidManifest.xml:53:17-119
121                android:value="com.google.firebase.components.ComponentRegistrar" />
121-->[com.google.firebase:firebase-messaging:22.0.0] AndroidManifest.xml:54:17-82
122            <meta-data
122-->[com.google.firebase:firebase-datatransport:18.0.0] AndroidManifest.xml:28:13-30:85
123                android:name="com.google.firebase.components:com.google.firebase.datatransport.TransportRegistrar"
123-->[com.google.firebase:firebase-datatransport:18.0.0] AndroidManifest.xml:29:17-115
124                android:value="com.google.firebase.components.ComponentRegistrar" />
124-->[com.google.firebase:firebase-datatransport:18.0.0] AndroidManifest.xml:30:17-82
125            <meta-data
125-->[com.google.firebase:firebase-auth:21.0.1] AndroidManifest.xml:77:13-79:85
126                android:name="com.google.firebase.components:com.google.firebase.auth.FirebaseAuthRegistrar"
126-->[com.google.firebase:firebase-auth:21.0.1] AndroidManifest.xml:78:17-109
127                android:value="com.google.firebase.components.ComponentRegistrar" />
127-->[com.google.firebase:firebase-auth:21.0.1] AndroidManifest.xml:79:17-82
128            <meta-data
128-->[com.google.firebase:firebase-firestore:23.0.3] AndroidManifest.xml:20:13-22:85
129                android:name="com.google.firebase.components:com.google.firebase.firestore.FirestoreRegistrar"
129-->[com.google.firebase:firebase-firestore:23.0.3] AndroidManifest.xml:21:17-111
130                android:value="com.google.firebase.components.ComponentRegistrar" />
130-->[com.google.firebase:firebase-firestore:23.0.3] AndroidManifest.xml:22:17-82
131            <meta-data
131-->[com.google.firebase:firebase-storage:20.0.0] AndroidManifest.xml:33:13-35:85
132                android:name="com.google.firebase.components:com.google.firebase.storage.StorageRegistrar"
132-->[com.google.firebase:firebase-storage:20.0.0] AndroidManifest.xml:34:17-107
133                android:value="com.google.firebase.components.ComponentRegistrar" />
133-->[com.google.firebase:firebase-storage:20.0.0] AndroidManifest.xml:35:17-82
134            <meta-data
134-->[com.google.firebase:firebase-database:20.0.1] AndroidManifest.xml:32:13-34:85
135                android:name="com.google.firebase.components:com.google.firebase.database.DatabaseRegistrar"
135-->[com.google.firebase:firebase-database:20.0.1] AndroidManifest.xml:33:17-109
136                android:value="com.google.firebase.components.ComponentRegistrar" />
136-->[com.google.firebase:firebase-database:20.0.1] AndroidManifest.xml:34:17-82
137            <meta-data
137-->[com.google.android.gms:play-services-measurement-api:19.0.1] AndroidManifest.xml:30:13-32:85
138                android:name="com.google.firebase.components:com.google.firebase.analytics.connector.internal.AnalyticsConnectorRegistrar"
138-->[com.google.android.gms:play-services-measurement-api:19.0.1] AndroidManifest.xml:31:17-139
139                android:value="com.google.firebase.components.ComponentRegistrar" />
139-->[com.google.android.gms:play-services-measurement-api:19.0.1] AndroidManifest.xml:32:17-82
140            <meta-data
140-->[com.google.firebase:firebase-installations:17.0.0] AndroidManifest.xml:18:13-20:85
141                android:name="com.google.firebase.components:com.google.firebase.installations.FirebaseInstallationsRegistrar"
141-->[com.google.firebase:firebase-installations:17.0.0] AndroidManifest.xml:19:17-127
142                android:value="com.google.firebase.components.ComponentRegistrar" />
142-->[com.google.firebase:firebase-installations:17.0.0] AndroidManifest.xml:20:17-82
143        </service>
144        <service
144-->[:firebase_messaging] AndroidManifest.xml:12:9-15:72
145            android:name="io.flutter.plugins.firebase.messaging.FlutterFirebaseMessagingBackgroundService"
145-->[:firebase_messaging] AndroidManifest.xml:13:13-107
146            android:exported="false"
146-->[:firebase_messaging] AndroidManifest.xml:14:13-37
147            android:permission="android.permission.BIND_JOB_SERVICE" />
147-->[:firebase_messaging] AndroidManifest.xml:15:13-69
148        <service
148-->[:firebase_messaging] AndroidManifest.xml:16:9-22:19
149            android:name="io.flutter.plugins.firebase.messaging.FlutterFirebaseMessagingService"
149-->[:firebase_messaging] AndroidManifest.xml:17:13-97
150            android:exported="false" >
150-->[:firebase_messaging] AndroidManifest.xml:18:13-37
151            <intent-filter>
151-->[:firebase_messaging] AndroidManifest.xml:19:13-21:29
152                <action android:name="com.google.firebase.MESSAGING_EVENT" />
152-->[:firebase_messaging] AndroidManifest.xml:20:17-78
152-->[:firebase_messaging] AndroidManifest.xml:20:25-75
153            </intent-filter>
154        </service>
155
156        <receiver
156-->[:firebase_messaging] AndroidManifest.xml:24:9-31:20
157            android:name="io.flutter.plugins.firebase.messaging.FlutterFirebaseMessagingReceiver"
157-->[:firebase_messaging] AndroidManifest.xml:25:13-98
158            android:exported="true"
158-->[:firebase_messaging] AndroidManifest.xml:26:13-36
159            android:permission="com.google.android.c2dm.permission.SEND" >
159-->[:firebase_messaging] AndroidManifest.xml:27:13-73
160            <intent-filter>
160-->[:firebase_messaging] AndroidManifest.xml:28:13-30:29
161                <action android:name="com.google.android.c2dm.intent.RECEIVE" />
161-->[:firebase_messaging] AndroidManifest.xml:29:17-81
161-->[:firebase_messaging] AndroidManifest.xml:29:25-78
162            </intent-filter>
163        </receiver>
164
165        <provider
165-->[:firebase_messaging] AndroidManifest.xml:39:9-43:38
166            android:name="io.flutter.plugins.firebase.messaging.FlutterFirebaseMessagingInitProvider"
166-->[:firebase_messaging] AndroidManifest.xml:40:13-102
167            android:authorities="com.example.rental_apartments_finder.flutterfirebasemessaginginitprovider"
167-->[:firebase_messaging] AndroidManifest.xml:41:13-88
168            android:exported="false"
168-->[:firebase_messaging] AndroidManifest.xml:42:13-37
169            android:initOrder="99" />
169-->[:firebase_messaging] AndroidManifest.xml:43:13-35
170        <provider
170-->[:image_picker] AndroidManifest.xml:8:9-16:20
171            android:name="io.flutter.plugins.imagepicker.ImagePickerFileProvider"
171-->[:image_picker] AndroidManifest.xml:9:13-82
172            android:authorities="com.example.rental_apartments_finder.flutter.image_provider"
172-->[:image_picker] AndroidManifest.xml:10:13-74
173            android:exported="false"
173-->[:image_picker] AndroidManifest.xml:11:13-37
174            android:grantUriPermissions="true" >
174-->[:image_picker] AndroidManifest.xml:12:13-47
175            <meta-data
175-->[:image_picker] AndroidManifest.xml:13:13-15:75
176                android:name="android.support.FILE_PROVIDER_PATHS"
176-->[:image_picker] AndroidManifest.xml:14:17-67
177                android:resource="@xml/flutter_image_picker_file_paths" />
177-->[:image_picker] AndroidManifest.xml:15:17-72
178        </provider>
179
180        <receiver android:name="com.dexterous.flutterlocalnotifications.ScheduledNotificationReceiver" />
180-->[:flutter_local_notifications] AndroidManifest.xml:12:9-106
180-->[:flutter_local_notifications] AndroidManifest.xml:12:19-103
181        <receiver android:name="com.dexterous.flutterlocalnotifications.ScheduledNotificationBootReceiver" >
181-->[:flutter_local_notifications] AndroidManifest.xml:13:9-20:20
181-->[:flutter_local_notifications] AndroidManifest.xml:13:19-107
182            <intent-filter>
182-->[:flutter_local_notifications] AndroidManifest.xml:14:13-19:29
183                <action android:name="android.intent.action.BOOT_COMPLETED" />
183-->[:flutter_local_notifications] AndroidManifest.xml:15:17-79
183-->[:flutter_local_notifications] AndroidManifest.xml:15:25-76
184                <action android:name="android.intent.action.MY_PACKAGE_REPLACED" />
184-->[:flutter_local_notifications] AndroidManifest.xml:16:17-84
184-->[:flutter_local_notifications] AndroidManifest.xml:16:25-81
185                <action android:name="android.intent.action.QUICKBOOT_POWERON" />
185-->[:flutter_local_notifications] AndroidManifest.xml:17:17-82
185-->[:flutter_local_notifications] AndroidManifest.xml:17:25-79
186                <action android:name="com.htc.intent.action.QUICKBOOT_POWERON" />
186-->[:flutter_local_notifications] AndroidManifest.xml:18:17-82
186-->[:flutter_local_notifications] AndroidManifest.xml:18:25-79
187            </intent-filter>
188        </receiver>
189
190        <meta-data
190-->[:stripe_payment] AndroidManifest.xml:10:9-12:36
191            android:name="com.google.android.gms.wallet.api.enabled"
191-->[:stripe_payment] AndroidManifest.xml:11:13-69
192            android:value="true" />
192-->[:stripe_payment] AndroidManifest.xml:12:13-33
193
194        <activity
194-->[:stripe_payment] AndroidManifest.xml:14:9-18:75
195            android:name="com.gettipsi.stripe.OpenBrowserActivity"
195-->[:stripe_payment] AndroidManifest.xml:15:13-67
196            android:exported="false"
196-->[:stripe_payment] AndroidManifest.xml:16:13-37
197            android:launchMode="singleTask"
197-->[:stripe_payment] AndroidManifest.xml:17:13-44
198            android:theme="@android:style/Theme.Translucent.NoTitleBar" />
198-->[:stripe_payment] AndroidManifest.xml:18:13-72
199        <activity
199-->[:stripe_payment] AndroidManifest.xml:19:9-32:20
200            android:name="com.gettipsi.stripe.RedirectUriReceiver"
200-->[:stripe_payment] AndroidManifest.xml:20:13-67
201            android:exported="true"
201-->[:stripe_payment] AndroidManifest.xml:21:13-36
202            android:launchMode="singleTask"
202-->[:stripe_payment] AndroidManifest.xml:22:13-44
203            android:theme="@android:style/Theme.Translucent.NoTitleBar.Fullscreen" >
203-->[:stripe_payment] AndroidManifest.xml:23:13-83
204            <intent-filter>
204-->[:stripe_payment] AndroidManifest.xml:24:13-31:29
205                <action android:name="android.intent.action.VIEW" />
205-->[:stripe_payment] AndroidManifest.xml:25:17-69
205-->[:stripe_payment] AndroidManifest.xml:25:25-66
206
207                <category android:name="android.intent.category.DEFAULT" />
207-->[:stripe_payment] AndroidManifest.xml:27:17-76
207-->[:stripe_payment] AndroidManifest.xml:27:27-73
208                <category android:name="android.intent.category.BROWSABLE" />
208-->[:stripe_payment] AndroidManifest.xml:28:17-78
208-->[:stripe_payment] AndroidManifest.xml:28:27-75
209
210                <data android:scheme="example" />
210-->[:stripe_payment] AndroidManifest.xml:30:17-50
210-->[:stripe_payment] AndroidManifest.xml:30:23-47
211            </intent-filter>
212        </activity>
213
214        <service
214-->[:location] AndroidManifest.xml:11:9-15:56
215            android:name="com.lyokone.location.FlutterLocationService"
215-->[:location] AndroidManifest.xml:12:13-71
216            android:enabled="true"
216-->[:location] AndroidManifest.xml:13:13-35
217            android:exported="false"
217-->[:location] AndroidManifest.xml:14:13-37
218            android:foregroundServiceType="location" />
218-->[:location] AndroidManifest.xml:15:13-53
219
220        <receiver
220-->[com.google.firebase:firebase-messaging:22.0.0] AndroidManifest.xml:28:9-35:20
221            android:name="com.google.firebase.iid.FirebaseInstanceIdReceiver"
221-->[com.google.firebase:firebase-messaging:22.0.0] AndroidManifest.xml:29:13-78
222            android:exported="true"
222-->[com.google.firebase:firebase-messaging:22.0.0] AndroidManifest.xml:30:13-36
223            android:permission="com.google.android.c2dm.permission.SEND" >
223-->[com.google.firebase:firebase-messaging:22.0.0] AndroidManifest.xml:31:13-73
224            <intent-filter>
224-->[:firebase_messaging] AndroidManifest.xml:28:13-30:29
225                <action android:name="com.google.android.c2dm.intent.RECEIVE" />
225-->[:firebase_messaging] AndroidManifest.xml:29:17-81
225-->[:firebase_messaging] AndroidManifest.xml:29:25-78
226            </intent-filter>
227        </receiver>
228        <!--
229             FirebaseMessagingService performs security checks at runtime,
230             but set to not exported to explicitly avoid allowing another app to call it.
231        -->
232        <service
232-->[com.google.firebase:firebase-messaging:22.0.0] AndroidManifest.xml:41:9-48:19
233            android:name="com.google.firebase.messaging.FirebaseMessagingService"
233-->[com.google.firebase:firebase-messaging:22.0.0] AndroidManifest.xml:42:13-82
234            android:directBootAware="true"
234-->[com.google.firebase:firebase-messaging:22.0.0] AndroidManifest.xml:43:13-43
235            android:exported="false" >
235-->[com.google.firebase:firebase-messaging:22.0.0] AndroidManifest.xml:44:13-37
236            <intent-filter android:priority="-500" >
236-->[:firebase_messaging] AndroidManifest.xml:19:13-21:29
237                <action android:name="com.google.firebase.MESSAGING_EVENT" />
237-->[:firebase_messaging] AndroidManifest.xml:20:17-78
237-->[:firebase_messaging] AndroidManifest.xml:20:25-75
238            </intent-filter>
239        </service>
240        <service
240-->[com.google.android.datatransport:transport-backend-cct:3.0.0] AndroidManifest.xml:29:9-35:19
241            android:name="com.google.android.datatransport.runtime.backends.TransportBackendDiscovery"
241-->[com.google.android.datatransport:transport-backend-cct:3.0.0] AndroidManifest.xml:30:13-103
242            android:exported="false" >
242-->[com.google.android.datatransport:transport-backend-cct:3.0.0] AndroidManifest.xml:31:13-37
243            <meta-data
243-->[com.google.android.datatransport:transport-backend-cct:3.0.0] AndroidManifest.xml:32:13-34:39
244                android:name="backend:com.google.android.datatransport.cct.CctBackendFactory"
244-->[com.google.android.datatransport:transport-backend-cct:3.0.0] AndroidManifest.xml:33:17-94
245                android:value="cct" />
245-->[com.google.android.datatransport:transport-backend-cct:3.0.0] AndroidManifest.xml:34:17-36
246        </service>
247
248        <activity
248-->[com.google.firebase:firebase-auth:21.0.1] AndroidManifest.xml:27:9-44:20
249            android:name="com.google.firebase.auth.internal.GenericIdpActivity"
249-->[com.google.firebase:firebase-auth:21.0.1] AndroidManifest.xml:28:13-80
250            android:excludeFromRecents="true"
250-->[com.google.firebase:firebase-auth:21.0.1] AndroidManifest.xml:29:13-46
251            android:exported="true"
251-->[com.google.firebase:firebase-auth:21.0.1] AndroidManifest.xml:30:13-36
252            android:launchMode="singleTask"
252-->[com.google.firebase:firebase-auth:21.0.1] AndroidManifest.xml:31:13-44
253            android:theme="@android:style/Theme.Translucent.NoTitleBar" >
253-->[com.google.firebase:firebase-auth:21.0.1] AndroidManifest.xml:32:13-72
254            <intent-filter>
254-->[com.google.firebase:firebase-auth:21.0.1] AndroidManifest.xml:33:13-43:29
255                <action android:name="android.intent.action.VIEW" />
255-->[:stripe_payment] AndroidManifest.xml:25:17-69
255-->[:stripe_payment] AndroidManifest.xml:25:25-66
256
257                <category android:name="android.intent.category.DEFAULT" />
257-->[:stripe_payment] AndroidManifest.xml:27:17-76
257-->[:stripe_payment] AndroidManifest.xml:27:27-73
258                <category android:name="android.intent.category.BROWSABLE" />
258-->[:stripe_payment] AndroidManifest.xml:28:17-78
258-->[:stripe_payment] AndroidManifest.xml:28:27-75
259
260                <data
260-->[:stripe_payment] AndroidManifest.xml:30:17-50
261                    android:host="firebase.auth"
262                    android:path="/"
263                    android:scheme="genericidp" />
263-->[:stripe_payment] AndroidManifest.xml:30:23-47
264            </intent-filter>
265        </activity>
266        <activity
266-->[com.google.firebase:firebase-auth:21.0.1] AndroidManifest.xml:45:9-62:20
267            android:name="com.google.firebase.auth.internal.RecaptchaActivity"
267-->[com.google.firebase:firebase-auth:21.0.1] AndroidManifest.xml:46:13-79
268            android:excludeFromRecents="true"
268-->[com.google.firebase:firebase-auth:21.0.1] AndroidManifest.xml:47:13-46
269            android:exported="true"
269-->[com.google.firebase:firebase-auth:21.0.1] AndroidManifest.xml:48:13-36
270            android:launchMode="singleTask"
270-->[com.google.firebase:firebase-auth:21.0.1] AndroidManifest.xml:49:13-44
271            android:theme="@android:style/Theme.Translucent.NoTitleBar" >
271-->[com.google.firebase:firebase-auth:21.0.1] AndroidManifest.xml:50:13-72
272            <intent-filter>
272-->[com.google.firebase:firebase-auth:21.0.1] AndroidManifest.xml:51:13-61:29
273                <action android:name="android.intent.action.VIEW" />
273-->[:stripe_payment] AndroidManifest.xml:25:17-69
273-->[:stripe_payment] AndroidManifest.xml:25:25-66
274
275                <category android:name="android.intent.category.DEFAULT" />
275-->[:stripe_payment] AndroidManifest.xml:27:17-76
275-->[:stripe_payment] AndroidManifest.xml:27:27-73
276                <category android:name="android.intent.category.BROWSABLE" />
276-->[:stripe_payment] AndroidManifest.xml:28:17-78
276-->[:stripe_payment] AndroidManifest.xml:28:27-75
277
278                <data
278-->[:stripe_payment] AndroidManifest.xml:30:17-50
279                    android:host="firebase.auth"
280                    android:path="/"
281                    android:scheme="recaptcha" />
281-->[:stripe_payment] AndroidManifest.xml:30:23-47
282            </intent-filter>